<?xml version="1.0" encoding="UTF-8"?>
<testng-results skipped="0" failed="0" total="1" passed="1">
  <reporter-output>
  </reporter-output>
  <suite name="Suite" duration-ms="107" started-at="2022-01-30T06:52:25Z" finished-at="2022-01-30T06:52:25Z">
    <groups>
    </groups>
    <test name="Test" duration-ms="107" started-at="2022-01-30T06:52:25Z" finished-at="2022-01-30T06:52:25Z">
      <class name="comdemo.DemoFile">
        <test-method status="PASS" signature="demotestmavengit()[pri:0, instance:comdemo.DemoFile@6d78f375]" name="demotestmavengit" duration-ms="54" started-at="2022-01-30T14:52:25Z" finished-at="2022-01-30T14:52:25Z">
          <reporter-output>
          </reporter-output>
        </test-method> <!-- demotestmavengit -->
      </class> <!-- comdemo.DemoFile -->
    </test> <!-- Test -->
  </suite> <!-- Suite -->
</testng-results>
